{"numFailedTestSuites":0,"numFailedTests":0,"numPassedTestSuites":2,"numPassedTests":2,"numPendingTestSuites":0,"numPendingTests":0,"numRuntimeErrorTestSuites":0,"numTodoTests":0,"numTotalTestSuites":2,"numTotalTests":2,"openHandles":[],"snapshot":{"added":0,"didUpdate":false,"failure":false,"filesAdded":0,"filesRemoved":0,"filesRemovedList":[],"filesUnmatched":0,"filesUpdated":0,"matched":0,"total":0,"unchecked":0,"uncheckedKeysByFile":[],"unmatched":0,"updated":0},"startTime":1666535077793,"success":true,"testResults":[{"assertionResults":[{"ancestorTitles":["Array"],"duration":4,"failureDetails":[],"failureMessages":[],"fullName":"Array prototype.[@@iterator]()","invocations":1,"location":null,"numPassingAsserts":0,"retryReasons":[],"status":"passed","title":"prototype.[@@iterator]()"}],"endTime":1666535079891,"message":"","name":"/Users/mts/PapillonBitsHub/roadrunner/src/mdn/array/methods/Array.prototype.[@@iterator]().test.js","startTime":1666535078449,"status":"passed","summary":""},{"assertionResults":[{"ancestorTitles":["Array"],"duration":3,"failureDetails":[],"failureMessages":[],"fullName":"Array prototype.at()","invocations":1,"location":null,"numPassingAsserts":0,"retryReasons":[],"status":"passed","title":"prototype.at()"}],"endTime":1666535079895,"message":"","name":"/Users/mts/PapillonBitsHub/roadrunner/src/mdn/array/methods/Array.prototype.at().test.js","startTime":1666535078449,"status":"passed","summary":""}],"wasInterrupted":false}