{"numFailedTestSuites":0,"numFailedTests":0,"numPassedTestSuites":13,"numPassedTests":24,"numPendingTestSuites":0,"numPendingTests":0,"numRuntimeErrorTestSuites":0,"numTodoTests":0,"numTotalTestSuites":13,"numTotalTests":24,"openHandles":[],"snapshot":{"added":0,"didUpdate":false,"failure":false,"filesAdded":0,"filesRemoved":0,"filesRemovedList":[],"filesUnmatched":0,"filesUpdated":0,"matched":0,"total":0,"unchecked":0,"uncheckedKeysByFile":[],"unmatched":0,"updated":0},"startTime":1694093883549,"success":true,"testResults":[{"assertionResults":[{"ancestorTitles":["Array","prototype.at"],"duration":11,"failureDetails":[],"failureMessages":[],"fullName":"Array prototype.at Try it","invocations":1,"location":null,"numPassingAsserts":2,"retryReasons":[],"status":"passed","title":"Try it"},{"ancestorTitles":["Array","prototype.at"],"duration":1,"failureDetails":[],"failureMessages":[],"fullName":"Array prototype.at Return the last value of an array","invocations":1,"location":null,"numPassingAsserts":2,"retryReasons":[],"status":"passed","title":"Return the last value of an array"},{"ancestorTitles":["Array","prototype.at"],"duration":1,"failureDetails":[],"failureMessages":[],"fullName":"Array prototype.at Comparing methods","invocations":1,"location":null,"numPassingAsserts":3,"retryReasons":[],"status":"passed","title":"Comparing methods"},{"ancestorTitles":["Array","prototype.at"],"duration":0,"failureDetails":[],"failureMessages":[],"fullName":"Array prototype.at Calling at() on non-array objects","invocations":1,"location":null,"numPassingAsserts":1,"retryReasons":[],"status":"passed","title":"Calling at() on non-array objects"}],"endTime":1694093903266,"message":"","name":"/Users/mts/PapillonBitsHub/roadrunner/src/javascript/array/methods/Array.prototype.at.test.js","startTime":1694093885754,"status":"passed","summary":""},{"assertionResults":[{"ancestorTitles":["Array","prototype.[@@iterator]"],"duration":8,"failureDetails":[],"failureMessages":[],"fullName":"Array prototype.[@@iterator] Manually hand-rolling the iterator","invocations":1,"location":null,"numPassingAsserts":6,"retryReasons":[],"status":"passed","title":"Manually hand-rolling the iterator"},{"ancestorTitles":["Array","prototype.[@@iterator]"],"duration":2,"failureDetails":[],"failureMessages":[],"fullName":"Array prototype.[@@iterator] Handling strings and string arrays with the same function","invocations":1,"location":null,"numPassingAsserts":7,"retryReasons":[],"status":"passed","title":"Handling strings and string arrays with the same function"}],"endTime":1694093903270,"message":"","name":"/Users/mts/PapillonBitsHub/roadrunner/src/javascript/array/methods/Array.prototype.[@@iterator].test.js","startTime":1694093885756,"status":"passed","summary":""},{"assertionResults":[{"ancestorTitles":["chunk"],"duration":7,"failureDetails":[],"failureMessages":[],"fullName":"chunk Returns the new array of chunks","invocations":1,"location":null,"numPassingAsserts":2,"retryReasons":[],"status":"passed","title":"Returns the new array of chunks"}],"endTime":1694093903275,"message":"","name":"/Users/mts/PapillonBitsHub/roadrunner/src/lodash/array/chunk.test.js","startTime":1694093885751,"status":"passed","summary":""},{"assertionResults":[{"ancestorTitles":["concat"],"duration":7,"failureDetails":[],"failureMessages":[],"fullName":"concat Returns the new concatenated array","invocations":1,"location":null,"numPassingAsserts":2,"retryReasons":[],"status":"passed","title":"Returns the new concatenated array"}],"endTime":1694093903281,"message":"","name":"/Users/mts/PapillonBitsHub/roadrunner/src/lodash/array/concat.test.js","startTime":1694093885756,"status":"passed","summary":""},{"assertionResults":[{"ancestorTitles":["initial"],"duration":5,"failureDetails":[],"failureMessages":[],"fullName":"initial Returns everything but the last entry of the array. Especially useful on the arguments object. Pass n to exclude the last n elements from the result","invocations":1,"location":null,"numPassingAsserts":1,"retryReasons":[],"status":"passed","title":"Returns everything but the last entry of the array. Especially useful on the arguments object. Pass n to exclude the last n elements from the result"}],"endTime":1694093903319,"message":"","name":"/Users/mts/PapillonBitsHub/roadrunner/src/underscore/array/initial.test.js","startTime":1694093885753,"status":"passed","summary":""},{"assertionResults":[{"ancestorTitles":["Array","prototype.concat"],"duration":7,"failureDetails":[],"failureMessages":[],"fullName":"Array prototype.concat Try it","invocations":1,"location":null,"numPassingAsserts":1,"retryReasons":[],"status":"passed","title":"Try it"},{"ancestorTitles":["Array","prototype.concat"],"duration":3,"failureDetails":[],"failureMessages":[],"fullName":"Array prototype.concat Concatenating two arrays","invocations":1,"location":null,"numPassingAsserts":1,"retryReasons":[],"status":"passed","title":"Concatenating two arrays"},{"ancestorTitles":["Array","prototype.concat"],"duration":1,"failureDetails":[],"failureMessages":[],"fullName":"Array prototype.concat Concatenating three arrays","invocations":1,"location":null,"numPassingAsserts":1,"retryReasons":[],"status":"passed","title":"Concatenating three arrays"},{"ancestorTitles":["Array","prototype.concat"],"duration":0,"failureDetails":[],"failureMessages":[],"fullName":"Array prototype.concat Concatenating values to an array","invocations":1,"location":null,"numPassingAsserts":1,"retryReasons":[],"status":"passed","title":"Concatenating values to an array"},{"ancestorTitles":["Array","prototype.concat"],"duration":1,"failureDetails":[],"failureMessages":[],"fullName":"Array prototype.concat Concatenating nested arrays","invocations":1,"location":null,"numPassingAsserts":1,"retryReasons":[],"status":"passed","title":"Concatenating nested arrays"},{"ancestorTitles":["Array","prototype.concat"],"duration":1,"failureDetails":[],"failureMessages":[],"fullName":"Array prototype.concat Concatenating array-like objects with Symbol.isConcatSpreadable","invocations":1,"location":null,"numPassingAsserts":1,"retryReasons":[],"status":"passed","title":"Concatenating array-like objects with Symbol.isConcatSpreadable"},{"ancestorTitles":["Array","prototype.concat"],"duration":0,"failureDetails":[],"failureMessages":[],"fullName":"Array prototype.concat Using concat() on sparse arrays","invocations":1,"location":null,"numPassingAsserts":2,"retryReasons":[],"status":"passed","title":"Using concat() on sparse arrays"},{"ancestorTitles":["Array","prototype.concat"],"duration":1,"failureDetails":[],"failureMessages":[],"fullName":"Array prototype.concat Calling concat() on non-array objects","invocations":1,"location":null,"numPassingAsserts":2,"retryReasons":[],"status":"passed","title":"Calling concat() on non-array objects"}],"endTime":1694093903566,"message":"","name":"/Users/mts/PapillonBitsHub/roadrunner/src/javascript/array/methods/Array.prototype.concat.test.js","startTime":1694093885751,"status":"passed","summary":""},{"assertionResults":[{"ancestorTitles":["first"],"duration":2,"failureDetails":[],"failureMessages":[],"fullName":"first Returns the first element of an array. Passing n will return the first n elements of the array","invocations":1,"location":null,"numPassingAsserts":1,"retryReasons":[],"status":"passed","title":"Returns the first element of an array. Passing n will return the first n elements of the array"}],"endTime":1694093908312,"message":"","name":"/Users/mts/PapillonBitsHub/roadrunner/src/underscore/array/first.test.js","startTime":1694093903303,"status":"passed","summary":""},{"assertionResults":[{"ancestorTitles":["compact"],"duration":2,"failureDetails":[],"failureMessages":[],"fullName":"compact Returns the new array of filtered values","invocations":1,"location":null,"numPassingAsserts":1,"retryReasons":[],"status":"passed","title":"Returns the new array of filtered values"}],"endTime":1694093908316,"message":"","name":"/Users/mts/PapillonBitsHub/roadrunner/src/lodash/array/compact.test.js","startTime":1694093903302,"status":"passed","summary":""},{"assertionResults":[{"ancestorTitles":["difference"],"duration":3,"failureDetails":[],"failureMessages":[],"fullName":"difference Returns the new array of filtered values","invocations":1,"location":null,"numPassingAsserts":1,"retryReasons":[],"status":"passed","title":"Returns the new array of filtered values"}],"endTime":1694093908318,"message":"","name":"/Users/mts/PapillonBitsHub/roadrunner/src/lodash/array/difference.test.js","startTime":1694093903303,"status":"passed","summary":""},{"assertionResults":[{"ancestorTitles":["last"],"duration":12,"failureDetails":[],"failureMessages":[],"fullName":"last Returns the last element of an array. Passing n will return the last n elements of the array","invocations":1,"location":null,"numPassingAsserts":1,"retryReasons":[],"status":"passed","title":"Returns the last element of an array. Passing n will return the last n elements of the array"}],"endTime":1694093908323,"message":"","name":"/Users/mts/PapillonBitsHub/roadrunner/src/underscore/array/last.test.js","startTime":1694093903301,"status":"passed","summary":""},{"assertionResults":[{"ancestorTitles":["dec"],"duration":2,"failureDetails":[],"failureMessages":[],"fullName":"dec Decrements its argument","invocations":1,"location":null,"numPassingAsserts":1,"retryReasons":[],"status":"passed","title":"Decrements its argument"}],"endTime":1694093910413,"message":"","name":"/Users/mts/PapillonBitsHub/roadrunner/src/ramda/math/dec.test.js","startTime":1694093903604,"status":"passed","summary":""},{"assertionResults":[{"ancestorTitles":["add"],"duration":2,"failureDetails":[],"failureMessages":[],"fullName":"add Adds two values","invocations":1,"location":null,"numPassingAsserts":2,"retryReasons":[],"status":"passed","title":"Adds two values"}],"endTime":1694093910414,"message":"","name":"/Users/mts/PapillonBitsHub/roadrunner/src/ramda/math/add.test.js","startTime":1694093903350,"status":"passed","summary":""},{"assertionResults":[{"ancestorTitles":["divide"],"duration":43,"failureDetails":[],"failureMessages":[],"fullName":"divide Divides two numbers. Equivalent to a / b","invocations":1,"location":null,"numPassingAsserts":3,"retryReasons":[],"status":"passed","title":"Divides two numbers. Equivalent to a / b"}],"endTime":1694093910454,"message":"","name":"/Users/mts/PapillonBitsHub/roadrunner/src/ramda/math/divide.test.js","startTime":1694093885751,"status":"passed","summary":""}],"wasInterrupted":false}
